#
# There is insufficient memory for the Java Runtime Environment to continue.
# Native memory allocation (malloc) failed to allocate 1048576 bytes for AllocateHeap
# Possible reasons:
#   The system is out of physical RAM or swap space
#   The process is running with CompressedOops enabled, and the Java Heap may be blocking the growth of the native heap
# Possible solutions:
#   Reduce memory load on the system
#   Increase physical memory or swap space
#   Check if swap backing store is full
#   Decrease Java heap size (-Xmx/-Xms)
#   Decrease number of Java threads
#   Decrease Java thread stack sizes (-Xss)
#   Set larger code cache with -XX:ReservedCodeCacheSize=
#   JVM is running with Unscaled Compressed Oops mode in which the Java heap is
#     placed in the first 4GB address space. The Java Heap base address is the
#     maximum limit for the native heap growth. Please use -XX:HeapBaseMinAddress
#     to set the Java Heap base and to place the Java Heap above 4GB virtual address.
# This output file may be truncated or incomplete.
#
#  Out of Memory Error (./open/src/hotspot/share/memory/allocation.cpp:44), pid=11164, tid=7888
#
# JRE version:  (14.0.2+12) (build )
# Java VM: Java HotSpot(TM) 64-Bit Server VM (14.0.2+12-46, mixed mode, sharing, tiered, compressed oops, parallel gc, windows-amd64)
# No core dump will be written. Minidumps are not enabled by default on client versions of Windows
#

---------------  S U M M A R Y ------------

Command Line: --add-modules=ALL-SYSTEM --add-opens=java.base/java.util=ALL-UNNAMED --add-opens=java.base/java.lang=ALL-UNNAMED -Declipse.application=org.eclipse.jdt.ls.core.id1 -Dosgi.bundles.defaultStartLevel=4 -Declipse.product=org.eclipse.jdt.ls.core.product -Dfile.encoding=utf8 -DwatchParentProcess=false -XX:+UseParallelGC -XX:GCTimeRatio=4 -XX:AdaptiveSizePolicyWeight=90 -Dsun.zip.disableMemoryMapping=true -Xmx1G -Xms100m c:\Users\Charlie\.vscode\extensions\redhat.java-0.76.0\server\plugins\org.eclipse.equinox.launcher_1.6.100.v20201223-0822.jar -configuration c:\Users\Charlie\AppData\Roaming\Code\User\globalStorage\redhat.java\0.76.0\config_ss_win -data c:\Users\Charlie\AppData\Roaming\Code\User\workspaceStorage\b35624c7e310d6f3d3ba9a5cb26e9fba\redhat.java\ss_ws

Host: Intel(R) Core(TM) i7-7700 CPU @ 3.60GHz, 8 cores, 7G,  Windows 10 , 64 bit Build 18362 (10.0.18362.1350)
Time: Wed Apr  7 01:36:21 2021 Eastern Daylight Time elapsed time: 0 seconds (0d 0h 0m 0s)

---------------  T H R E A D  ---------------

Current thread (0x000001feffa72000):  JavaThread "Unknown thread" [_thread_in_vm, id=7888, stack(0x0000004caa600000,0x0000004caa700000)]

Stack: [0x0000004caa600000,0x0000004caa700000]
Native frames: (J=compiled Java code, j=interpreted, Vv=VM code, C=native code)
V  [jvm.dll+0x5f8a9a]
V  [jvm.dll+0x74247a]
V  [jvm.dll+0x743c2f]
V  [jvm.dll+0x744273]
V  [jvm.dll+0x20d288]
V  [jvm.dll+0xa2b2f]
V  [jvm.dll+0x637b35]
V  [jvm.dll+0x6382b3]
V  [jvm.dll+0x603e68]
V  [jvm.dll+0x7205b9]
V  [jvm.dll+0x321ca6]
V  [jvm.dll+0x70112c]
V  [jvm.dll+0x392def]
V  [jvm.dll+0x394e61]
C  [jli.dll+0x524b]
C  [ucrtbase.dll+0x210b2]
C  [KERNEL32.DLL+0x17c24]
C  [ntdll.dll+0x6d721]


---------------  P R O C E S S  ---------------

Threads class SMR info:
_java_thread_list=0x00007ffc52733038, length=0, elements={
}

Java Threads: ( => current thread )

Other Threads:
  0x000001feffa8a000 GCTaskThread "GC Thread#0" [stack: 0x0000004caa700000,0x0000004caa800000] [id=9832]

=>0x000001feffa72000 (exited) JavaThread "Unknown thread" [_thread_in_vm, id=7888, stack(0x0000004caa600000,0x0000004caa700000)]

Threads with active compile tasks:

VM state:not at safepoint (normal execution)

VM Mutex/Monitor currently owned by a thread: None

Heap address: 0x00000000c0000000, size: 1024 MB, Compressed Oops mode: 32-bit
Narrow klass base: 0x0000000800000000, Narrow klass shift: 3
Compressed class space size: 1073741824 Address: 0x0000000800b30000

Heap:
 PSYoungGen      total 29696K, used 512K [0x00000000eab00000, 0x00000000ecc00000, 0x0000000100000000)
  eden space 25600K, 2% used [0x00000000eab00000,0x00000000eab80010,0x00000000ec400000)
  from space 4096K, 0% used [0x00000000ec800000,0x00000000ec800000,0x00000000ecc00000)
  to   space 4096K, 0% used [0x00000000ec400000,0x00000000ec400000,0x00000000ec800000)
 ParOldGen       total 68608K, used 0K [0x00000000c0000000, 0x00000000c4300000, 0x00000000eab00000)
  object space 68608K, 0% used [0x00000000c0000000,0x00000000c0000000,0x00000000c4300000)
 Metaspace       used 0K, capacity 0K, committed 0K, reserved 1056768K
  class space    used 0K, capacity 0K, committed 0K, reserved 1048576K

Card table byte_map: [0x000001fe978e0000,0x000001fe97af0000] _byte_map_base: 0x000001fe972e0000

Marking Bits: (ParMarkBitMap*) 0x00007ffc5270a220
 Begin Bits: [0x000001fe97c50000, 0x000001fe98c50000)
 End Bits:   [0x000001fe98c50000, 0x000001fe99c50000)

Polling page: 0x000001fe80000000

Metaspace:

Usage:
  Non-class:      0 bytes capacity,     0 bytes (  ?%) used,     0 bytes (  ?%) free+waste,     0 bytes (  ?%) overhead. 
      Class:      0 bytes capacity,     0 bytes (  ?%) used,     0 bytes (  ?%) free+waste,     0 bytes (  ?%) overhead. 
       Both:      0 bytes capacity,     0 bytes (  ?%) used,     0 bytes (  ?%) free+waste,     0 bytes (  ?%) overhead. 

Virtual space:
  Non-class space:        8.00 MB reserved,       0 bytes (  0%) committed 
      Class space:        1.00 GB reserved,       0 bytes (  0%) committed 
             Both:        1.01 GB reserved,       0 bytes (  0%) committed 

Chunk freelists:
   Non-Class:  0 bytes
       Class:  0 bytes
        Both:  0 bytes

MaxMetaspaceSize: 17179869184.00 GB
CompressedClassSpaceSize: 1.00 GB

CodeHeap 'non-profiled nmethods': size=120000Kb used=0Kb max_used=0Kb free=120000Kb
 bounds [0x000001fe901c0000, 0x000001fe90430000, 0x000001fe976f0000]
CodeHeap 'profiled nmethods': size=120000Kb used=0Kb max_used=0Kb free=120000Kb
 bounds [0x000001fe88c90000, 0x000001fe88f00000, 0x000001fe901c0000]
CodeHeap 'non-nmethods': size=5760Kb used=270Kb max_used=301Kb free=5489Kb
 bounds [0x000001fe886f0000, 0x000001fe88960000, 0x000001fe88c90000]
 total_blobs=134 nmethods=0 adapters=115
 compilation: enabled
              stopped_count=0, restarted_count=0
 full_count=0

Compilation events (0 events):
No events

GC Heap History (0 events):
No events

Deoptimization events (0 events):
No events

Classes unloaded (0 events):
No events

Classes redefined (0 events):
No events

Internal exceptions (0 events):
No events

Events (2 events):
Event: 0.007 Loaded shared library C:\Program Files\Java\jdk-14.0.2\bin\java.dll
Event: 0.008 Loaded shared library C:\Program Files\Java\jdk-14.0.2\bin\zip.dll


Dynamic libraries:
0x00007ff792df0000 - 0x00007ff792dff000 	C:\Program Files\Java\jdk-14.0.2\bin\java.exe
0x00007ffc820a0000 - 0x00007ffc82290000 	C:\WINDOWS\SYSTEM32\ntdll.dll
0x00007ffc80dc0000 - 0x00007ffc80e72000 	C:\WINDOWS\System32\KERNEL32.DLL
0x00007ffc7faf0000 - 0x00007ffc7fd95000 	C:\WINDOWS\System32\KERNELBASE.dll
0x00007ffc7f9f0000 - 0x00007ffc7faea000 	C:\WINDOWS\System32\ucrtbase.dll
0x00007ffc76770000 - 0x00007ffc76788000 	C:\Program Files\Java\jdk-14.0.2\bin\jli.dll
0x00007ffc7b8c0000 - 0x00007ffc7b8d5000 	C:\Program Files\Java\jdk-14.0.2\bin\VCRUNTIME140.dll
0x00007ffc80150000 - 0x00007ffc801f3000 	C:\WINDOWS\System32\ADVAPI32.dll
0x00007ffc81540000 - 0x00007ffc815de000 	C:\WINDOWS\System32\msvcrt.dll
0x00007ffc81730000 - 0x00007ffc817c7000 	C:\WINDOWS\System32\sechost.dll
0x00007ffc81270000 - 0x00007ffc8138f000 	C:\WINDOWS\System32\RPCRT4.dll
0x00007ffc80200000 - 0x00007ffc80394000 	C:\WINDOWS\System32\USER32.dll
0x00007ffc7fe00000 - 0x00007ffc7fe21000 	C:\WINDOWS\System32\win32u.dll
0x00007ffc64d10000 - 0x00007ffc64f94000 	C:\WINDOWS\WinSxS\amd64_microsoft.windows.common-controls_6595b64144ccf1df_6.0.18362.1440_none_9e7dbfb9e45e8e67\COMCTL32.dll
0x00007ffc81230000 - 0x00007ffc81256000 	C:\WINDOWS\System32\GDI32.dll
0x00007ffc81d20000 - 0x00007ffc82056000 	C:\WINDOWS\System32\combase.dll
0x00007ffc7ffb0000 - 0x00007ffc80148000 	C:\WINDOWS\System32\gdi32full.dll
0x00007ffc7ff10000 - 0x00007ffc7ffae000 	C:\WINDOWS\System32\msvcp_win.dll
0x00007ffc7f010000 - 0x00007ffc7f091000 	C:\WINDOWS\System32\bcryptPrimitives.dll
0x00007ffc79950000 - 0x00007ffc7995a000 	C:\WINDOWS\SYSTEM32\VERSION.dll
0x00007ffc81cf0000 - 0x00007ffc81d1e000 	C:\WINDOWS\System32\IMM32.DLL
0x00007ffc766d0000 - 0x00007ffc7676b000 	C:\Program Files\Java\jdk-14.0.2\bin\msvcp140.dll
0x00007ffc51cb0000 - 0x00007ffc527ce000 	C:\Program Files\Java\jdk-14.0.2\bin\server\jvm.dll
0x00007ffc81260000 - 0x00007ffc81268000 	C:\WINDOWS\System32\PSAPI.DLL
0x00007ffc69780000 - 0x00007ffc69789000 	C:\WINDOWS\SYSTEM32\WSOCK32.dll
0x00007ffc7d070000 - 0x00007ffc7d094000 	C:\WINDOWS\SYSTEM32\WINMM.dll
0x00007ffc810b0000 - 0x00007ffc8111f000 	C:\WINDOWS\System32\WS2_32.dll
0x00007ffc7cb00000 - 0x00007ffc7cb2d000 	C:\WINDOWS\SYSTEM32\winmmbase.dll
0x00007ffc7f820000 - 0x00007ffc7f86a000 	C:\WINDOWS\System32\cfgmgr32.dll
0x00007ffc7eff0000 - 0x00007ffc7f001000 	C:\WINDOWS\System32\kernel.appcore.dll
0x00007ffc7cb90000 - 0x00007ffc7cb9a000 	C:\Program Files\Java\jdk-14.0.2\bin\jimage.dll
0x00007ffc6c830000 - 0x00007ffc6ca24000 	C:\WINDOWS\SYSTEM32\DBGHELP.DLL
0x00007ffc6c800000 - 0x00007ffc6c82a000 	C:\WINDOWS\SYSTEM32\dbgcore.DLL
0x00007ffc766a0000 - 0x00007ffc766c5000 	C:\Program Files\Java\jdk-14.0.2\bin\java.dll
0x00007ffc76680000 - 0x00007ffc76696000 	C:\Program Files\Java\jdk-14.0.2\bin\zip.dll

dbghelp: loaded successfully - version: 4.0.5 - missing functions: none
symbol engine: initialized successfully - sym options: 0x614 - pdb path: .;C:\Program Files\Java\jdk-14.0.2\bin;C:\WINDOWS\SYSTEM32;C:\WINDOWS\WinSxS\amd64_microsoft.windows.common-controls_6595b64144ccf1df_6.0.18362.1440_none_9e7dbfb9e45e8e67;C:\Program Files\Java\jdk-14.0.2\bin\server

VM Arguments:
jvm_args: --add-modules=ALL-SYSTEM --add-opens=java.base/java.util=ALL-UNNAMED --add-opens=java.base/java.lang=ALL-UNNAMED -Declipse.application=org.eclipse.jdt.ls.core.id1 -Dosgi.bundles.defaultStartLevel=4 -Declipse.product=org.eclipse.jdt.ls.core.product -Dfile.encoding=utf8 -DwatchParentProcess=false -XX:+UseParallelGC -XX:GCTimeRatio=4 -XX:AdaptiveSizePolicyWeight=90 -Dsun.zip.disableMemoryMapping=true -Xmx1G -Xms100m 
java_command: c:\Users\Charlie\.vscode\extensions\redhat.java-0.76.0\server\plugins\org.eclipse.equinox.launcher_1.6.100.v20201223-0822.jar -configuration c:\Users\Charlie\AppData\Roaming\Code\User\globalStorage\redhat.java\0.76.0\config_ss_win -data c:\Users\Charlie\AppData\Roaming\Code\User\workspaceStorage\b35624c7e310d6f3d3ba9a5cb26e9fba\redhat.java\ss_ws
java_class_path (initial): c:\Users\Charlie\.vscode\extensions\redhat.java-0.76.0\server\plugins\org.eclipse.equinox.launcher_1.6.100.v20201223-0822.jar
Launcher Type: SUN_STANDARD

[Global flags]
    uintx AdaptiveSizePolicyWeight                 = 90                                        {product} {command line}
     intx CICompilerCount                          = 4                                         {product} {ergonomic}
    uintx GCTimeRatio                              = 4                                         {product} {command line}
   size_t InitialHeapSize                          = 104857600                                 {product} {command line}
   size_t MaxHeapSize                              = 1073741824                                {product} {command line}
   size_t MaxNewSize                               = 357564416                                 {product} {ergonomic}
   size_t MinHeapDeltaBytes                        = 524288                                    {product} {ergonomic}
   size_t MinHeapSize                              = 104857600                                 {product} {command line}
   size_t NewSize                                  = 34603008                                  {product} {ergonomic}
    uintx NonNMethodCodeHeapSize                   = 5839372                                {pd product} {ergonomic}
    uintx NonProfiledCodeHeapSize                  = 122909434                              {pd product} {ergonomic}
   size_t OldSize                                  = 70254592                                  {product} {ergonomic}
    uintx ProfiledCodeHeapSize                     = 122909434                              {pd product} {ergonomic}
    uintx ReservedCodeCacheSize                    = 251658240                              {pd product} {ergonomic}
     bool SegmentedCodeCache                       = true                                      {product} {ergonomic}
   size_t SoftMaxHeapSize                          = 1073741824                             {manageable} {ergonomic}
     bool UseCompressedClassPointers               = true                                 {lp64_product} {ergonomic}
     bool UseCompressedOops                        = true                                 {lp64_product} {ergonomic}
     bool UseLargePagesIndividualAllocation        = false                                  {pd product} {ergonomic}
     bool UseParallelGC                            = true                                      {product} {command line}

Logging:
Log output configuration:
 #0: stdout all=warning uptime,level,tags
 #1: stderr all=off uptime,level,tags

Environment Variables:
JAVA_HOME=C:\Program Files\Java\jdk-14.0.2\bin
PATH=C:\Program Files\Python38\Scripts\;C:\Program Files\Python38\;C:\WINDOWS\system32;C:\WINDOWS;C:\WINDOWS\System32\Wbem;C:\WINDOWS\System32\WindowsPowerShell\v1.0\;C:\WINDOWS\System32\OpenSSH\;C:\Program Files\nodejs\;C:\Users\Charlie\AppData\Roaming\Python\Python38\Scripts\;C:\Users\Charlie\AppData\Local\Microsoft\WindowsApps;C:\Users\Charlie\AppData\Roaming\npm;C:\Users\Charlie\AppData\Local\Programs\Microsoft VS Code\bin;C:\Program Files\heroku\bin
USERNAME=Charlie
OS=Windows_NT
PROCESSOR_IDENTIFIER=Intel64 Family 6 Model 158 Stepping 9, GenuineIntel



---------------  S Y S T E M  ---------------

OS: Windows 10 , 64 bit Build 18362 (10.0.18362.1350)
OS uptime: 1 days 0:21 hours

CPU:total 8 (initial active 8) (4 cores per cpu, 2 threads per core) family 6 model 158 stepping 9, cmov, cx8, fxsr, mmx, sse, sse2, sse3, ssse3, sse4.1, sse4.2, popcnt, avx, avx2, aes, clmul, erms, rtm, 3dnowpref, lzcnt, ht, tsc, tscinvbit, bmi1, bmi2, adx, fma

Memory: 4k page, system-wide physical 8068M (1411M free)
TotalPageFile size 8068M (AvailPageFile size 6M)
current process WorkingSet (physical memory assigned to process): 14M, peak: 14M
current process commit charge ("private bytes"): 181M, peak: 182M

vm_info: Java HotSpot(TM) 64-Bit Server VM (14.0.2+12-46) for windows-amd64 JRE (14.0.2+12-46), built on Jul  9 2020 00:35:52 by "mach5one" with MS VC++ 15.9 (VS2017)

END.
